08:32:09.556 [INFO ] - ********** Inicia lista de usuario 2018/12/11 08:32:09
08:43:10.348 [INFO ] - ********** Inicia lista de usuario 2018/12/11 08:43:10
09:00:42.002 [INFO ] - Starting PruebaApplication on NJROMEROZ with PID 6112 (C:\Users\GMD\eclipse-workspace\prueba\bin\main started by GMD in C:\Users\GMD\eclipse-workspace\prueba)
09:00:42.029 [DEBUG] - Running with Spring Boot v2.1.1.RELEASE, Spring v5.1.3.RELEASE
09:00:42.032 [INFO ] - No active profile set, falling back to default profiles: default
09:00:45.427 [INFO ] - Started PruebaApplication in 4.414 seconds (JVM running for 5.791)
09:04:54.010 [INFO ] - Starting PruebaApplication on NJROMEROZ with PID 8900 (C:\Users\GMD\eclipse-workspace\prueba\bin\main started by GMD in C:\Users\GMD\eclipse-workspace\prueba)
09:04:54.015 [DEBUG] - Running with Spring Boot v2.1.1.RELEASE, Spring v5.1.3.RELEASE
09:04:54.021 [INFO ] - No active profile set, falling back to default profiles: default
09:04:56.958 [INFO ] - Started PruebaApplication in 3.712 seconds (JVM running for 4.901)
09:06:35.948 [INFO ] - Starting PruebaApplication on NJROMEROZ with PID 13024 (C:\Users\GMD\eclipse-workspace\prueba\bin\main started by GMD in C:\Users\GMD\eclipse-workspace\prueba)
09:06:35.953 [DEBUG] - Running with Spring Boot v2.1.1.RELEASE, Spring v5.1.3.RELEASE
09:06:35.963 [INFO ] - No active profile set, falling back to default profiles: default
09:06:38.836 [INFO ] - Started PruebaApplication in 3.687 seconds (JVM running for 4.845)
09:08:22.213 [INFO ] - Starting PruebaApplication on NJROMEROZ with PID 19372 (C:\Users\GMD\eclipse-workspace\prueba\bin\main started by GMD in C:\Users\GMD\eclipse-workspace\prueba)
09:08:22.227 [DEBUG] - Running with Spring Boot v2.1.1.RELEASE, Spring v5.1.3.RELEASE
09:08:22.231 [INFO ] - No active profile set, falling back to default profiles: default
09:08:25.464 [INFO ] - Started PruebaApplication in 4.161 seconds (JVM running for 5.545)
09:22:29.220 [INFO ] - Starting PruebaApplication on NJROMEROZ with PID 13972 (C:\Users\GMD\eclipse-workspace\prueba\bin\main started by GMD in C:\Users\GMD\eclipse-workspace\prueba)
09:22:29.228 [DEBUG] - Running with Spring Boot v2.1.1.RELEASE, Spring v5.1.3.RELEASE
09:22:29.230 [INFO ] - No active profile set, falling back to default profiles: default
09:23:23.724 [INFO ] - Starting PruebaApplication on NJROMEROZ with PID 3348 (C:\Users\GMD\eclipse-workspace\prueba\bin\main started by GMD in C:\Users\GMD\eclipse-workspace\prueba)
09:23:23.729 [DEBUG] - Running with Spring Boot v2.1.1.RELEASE, Spring v5.1.3.RELEASE
09:23:23.731 [INFO ] - No active profile set, falling back to default profiles: default
09:23:44.786 [INFO ] - Starting PruebaApplication on NJROMEROZ with PID 17284 (C:\Users\GMD\eclipse-workspace\prueba\bin\main started by GMD in C:\Users\GMD\eclipse-workspace\prueba)
09:23:44.802 [DEBUG] - Running with Spring Boot v2.1.1.RELEASE, Spring v5.1.3.RELEASE
09:23:44.805 [INFO ] - No active profile set, falling back to default profiles: default
09:24:21.346 [INFO ] - Starting PruebaApplication on NJROMEROZ with PID 11628 (C:\Users\GMD\eclipse-workspace\prueba\bin\main started by GMD in C:\Users\GMD\eclipse-workspace\prueba)
09:24:21.351 [DEBUG] - Running with Spring Boot v2.1.1.RELEASE, Spring v5.1.3.RELEASE
09:24:21.352 [INFO ] - No active profile set, falling back to default profiles: default
09:24:54.101 [INFO ] - Starting PruebaApplication on NJROMEROZ with PID 8480 (C:\Users\GMD\eclipse-workspace\prueba\bin\main started by GMD in C:\Users\GMD\eclipse-workspace\prueba)
09:24:54.106 [DEBUG] - Running with Spring Boot v2.1.1.RELEASE, Spring v5.1.3.RELEASE
09:24:54.112 [INFO ] - No active profile set, falling back to default profiles: default
09:26:01.830 [INFO ] - Starting PruebaApplication on NJROMEROZ with PID 3960 (C:\Users\GMD\eclipse-workspace\prueba\bin\main started by GMD in C:\Users\GMD\eclipse-workspace\prueba)
09:26:01.846 [DEBUG] - Running with Spring Boot v2.1.1.RELEASE, Spring v5.1.3.RELEASE
09:26:01.849 [INFO ] - No active profile set, falling back to default profiles: default
09:26:04.782 [INFO ] - Started PruebaApplication in 3.911 seconds (JVM running for 5.268)
09:26:49.127 [INFO ] - ********** Inicia lista de usuario 2018/12/11 09:26:49
09:27:34.827 [INFO ] - Starting PruebaApplication on NJROMEROZ with PID 1880 (C:\Users\GMD\eclipse-workspace\prueba\bin\main started by GMD in C:\Users\GMD\eclipse-workspace\prueba)
09:27:34.833 [DEBUG] - Running with Spring Boot v2.1.1.RELEASE, Spring v5.1.3.RELEASE
09:27:34.864 [INFO ] - No active profile set, falling back to default profiles: default
09:27:37.694 [INFO ] - Started PruebaApplication in 3.61 seconds (JVM running for 4.778)
09:27:57.692 [INFO ] - Starting PruebaApplication on NJROMEROZ with PID 13336 (C:\Users\GMD\eclipse-workspace\prueba\bin\main started by GMD in C:\Users\GMD\eclipse-workspace\prueba)
09:27:57.699 [DEBUG] - Running with Spring Boot v2.1.1.RELEASE, Spring v5.1.3.RELEASE
09:27:57.702 [INFO ] - No active profile set, falling back to default profiles: default
09:28:00.624 [INFO ] - Started PruebaApplication in 3.743 seconds (JVM running for 5.039)
09:28:00.840 [INFO ] - ********** Inicia lista de usuario 2018/12/11 09:28:00
09:29:08.962 [INFO ] - Starting PruebaApplication on NJROMEROZ with PID 8100 (C:\Users\GMD\eclipse-workspace\prueba\bin\main started by GMD in C:\Users\GMD\eclipse-workspace\prueba)
09:29:08.968 [DEBUG] - Running with Spring Boot v2.1.1.RELEASE, Spring v5.1.3.RELEASE
09:29:08.971 [INFO ] - No active profile set, falling back to default profiles: default
09:29:11.850 [INFO ] - Started PruebaApplication in 3.704 seconds (JVM running for 4.911)
09:34:41.338 [INFO ] - Starting PruebaApplication on NJROMEROZ with PID 10072 (C:\Users\GMD\eclipse-workspace\prueba\bin\main started by GMD in C:\Users\GMD\eclipse-workspace\prueba)
09:34:41.346 [DEBUG] - Running with Spring Boot v2.1.1.RELEASE, Spring v5.1.3.RELEASE
09:34:41.352 [INFO ] - No active profile set, falling back to default profiles: default
09:34:44.487 [INFO ] - Started PruebaApplication in 4.09 seconds (JVM running for 5.318)
09:36:17.497 [INFO ] - Starting PruebaApplication on NJROMEROZ with PID 8060 (C:\Users\GMD\eclipse-workspace\prueba\bin\main started by GMD in C:\Users\GMD\eclipse-workspace\prueba)
09:36:17.505 [DEBUG] - Running with Spring Boot v2.1.1.RELEASE, Spring v5.1.3.RELEASE
09:36:17.508 [INFO ] - No active profile set, falling back to default profiles: default
09:36:20.328 [INFO ] - Started PruebaApplication in 3.594 seconds (JVM running for 4.703)
09:36:26.160 [INFO ] - ********** Inicia lista de usuario 2018/12/11 09:36:26
09:36:42.900 [INFO ] - Starting PruebaApplication on NJROMEROZ with PID 12836 (C:\Users\GMD\eclipse-workspace\prueba\bin\main started by GMD in C:\Users\GMD\eclipse-workspace\prueba)
09:36:42.907 [DEBUG] - Running with Spring Boot v2.1.1.RELEASE, Spring v5.1.3.RELEASE
09:36:42.909 [INFO ] - No active profile set, falling back to default profiles: default
09:36:45.642 [INFO ] - Started PruebaApplication in 3.533 seconds (JVM running for 4.62)
09:37:01.934 [INFO ] - ********** Inicia lista de usuario 2018/12/11 09:37:01
09:38:03.335 [INFO ] - Starting PruebaApplication on NJROMEROZ with PID 14364 (C:\Users\GMD\eclipse-workspace\prueba\bin\main started by GMD in C:\Users\GMD\eclipse-workspace\prueba)
09:38:03.340 [DEBUG] - Running with Spring Boot v2.1.1.RELEASE, Spring v5.1.3.RELEASE
09:38:03.343 [INFO ] - No active profile set, falling back to default profiles: default
09:38:06.044 [INFO ] - Started PruebaApplication in 3.549 seconds (JVM running for 4.656)
09:38:17.173 [INFO ] - ********** Inicia lista de usuario 2018/12/11 09:38:17
09:39:48.580 [INFO ] - Starting PruebaApplication on NJROMEROZ with PID 16772 (C:\Users\GMD\eclipse-workspace\prueba\bin\main started by GMD in C:\Users\GMD\eclipse-workspace\prueba)
09:39:48.585 [DEBUG] - Running with Spring Boot v2.1.1.RELEASE, Spring v5.1.3.RELEASE
09:39:48.588 [INFO ] - No active profile set, falling back to default profiles: default
09:39:51.305 [INFO ] - Started PruebaApplication in 3.503 seconds (JVM running for 4.849)
09:39:55.233 [INFO ] - ********** Inicia lista de usuario 2018/12/11 09:39:55
09:40:35.188 [INFO ] - Starting PruebaApplication on NJROMEROZ with PID 18080 (C:\Users\GMD\eclipse-workspace\prueba\bin\main started by GMD in C:\Users\GMD\eclipse-workspace\prueba)
09:40:35.193 [DEBUG] - Running with Spring Boot v2.1.1.RELEASE, Spring v5.1.3.RELEASE
09:40:35.196 [INFO ] - No active profile set, falling back to default profiles: default
09:40:37.934 [INFO ] - Started PruebaApplication in 3.427 seconds (JVM running for 4.587)
09:40:42.330 [INFO ] - ********** Inicia lista de usuario 2018/12/11 09:40:42
09:41:40.304 [INFO ] - Starting PruebaApplication on NJROMEROZ with PID 14116 (C:\Users\GMD\eclipse-workspace\prueba\bin\main started by GMD in C:\Users\GMD\eclipse-workspace\prueba)
09:41:40.313 [DEBUG] - Running with Spring Boot v2.1.1.RELEASE, Spring v5.1.3.RELEASE
09:41:40.316 [INFO ] - No active profile set, falling back to default profiles: default
09:41:42.963 [INFO ] - Started PruebaApplication in 3.367 seconds (JVM running for 4.469)
09:41:54.971 [INFO ] - ********** Inicia lista de usuario 2018/12/11 09:41:54
09:46:56.362 [INFO ] - Starting PruebaApplication on NJROMEROZ with PID 16228 (C:\Users\GMD\eclipse-workspace\prueba\bin\main started by GMD in C:\Users\GMD\eclipse-workspace\prueba)
09:46:56.368 [DEBUG] - Running with Spring Boot v2.1.1.RELEASE, Spring v5.1.3.RELEASE
09:46:56.374 [INFO ] - No active profile set, falling back to default profiles: default
09:46:58.967 [INFO ] - Started PruebaApplication in 3.296 seconds (JVM running for 4.398)
09:48:19.471 [INFO ] - Starting PruebaApplication on NJROMEROZ with PID 12324 (C:\Users\GMD\eclipse-workspace\prueba\bin\main started by GMD in C:\Users\GMD\eclipse-workspace\prueba)
09:48:19.479 [DEBUG] - Running with Spring Boot v2.1.1.RELEASE, Spring v5.1.3.RELEASE
09:48:19.482 [INFO ] - No active profile set, falling back to default profiles: default
09:48:22.306 [INFO ] - Started PruebaApplication in 3.576 seconds (JVM running for 4.688)
09:48:29.448 [INFO ] - ********** Inicia lista de usuario 2018/12/11 09:48:29
09:48:55.623 [INFO ] - Starting PruebaApplication on NJROMEROZ with PID 17280 (C:\Users\GMD\eclipse-workspace\prueba\bin\main started by GMD in C:\Users\GMD\eclipse-workspace\prueba)
09:48:55.629 [DEBUG] - Running with Spring Boot v2.1.1.RELEASE, Spring v5.1.3.RELEASE
09:48:55.632 [INFO ] - No active profile set, falling back to default profiles: default
09:48:58.284 [INFO ] - Started PruebaApplication in 3.363 seconds (JVM running for 4.58)
09:49:00.878 [INFO ] - ********** Inicia lista de usuario 2018/12/11 09:49:00
09:49:47.625 [INFO ] - Starting PruebaApplication on NJROMEROZ with PID 9384 (C:\Users\GMD\eclipse-workspace\prueba\bin\main started by GMD in C:\Users\GMD\eclipse-workspace\prueba)
09:49:47.632 [DEBUG] - Running with Spring Boot v2.1.1.RELEASE, Spring v5.1.3.RELEASE
09:49:47.636 [INFO ] - No active profile set, falling back to default profiles: default
09:49:50.538 [INFO ] - Started PruebaApplication in 3.894 seconds (JVM running for 5.06)
09:49:55.811 [INFO ] - ********** Inicia lista de usuario 2018/12/11 09:49:55
09:50:19.797 [INFO ] - Starting PruebaApplication on NJROMEROZ with PID 12328 (C:\Users\GMD\eclipse-workspace\prueba\bin\main started by GMD in C:\Users\GMD\eclipse-workspace\prueba)
09:50:19.802 [DEBUG] - Running with Spring Boot v2.1.1.RELEASE, Spring v5.1.3.RELEASE
09:50:19.805 [INFO ] - No active profile set, falling back to default profiles: default
09:50:22.568 [INFO ] - Started PruebaApplication in 3.478 seconds (JVM running for 4.773)
09:50:22.691 [INFO ] - ********** Inicia lista de usuario 2018/12/11 09:50:22
09:50:23.852 [INFO ] - ********** Inicia lista de usuario 2018/12/11 09:50:23
09:58:28.127 [INFO ] - Starting PruebaApplication on NJROMEROZ with PID 16656 (C:\Users\GMD\eclipse-workspace\prueba\bin\main started by GMD in C:\Users\GMD\eclipse-workspace\prueba)
09:58:28.135 [DEBUG] - Running with Spring Boot v2.1.1.RELEASE, Spring v5.1.3.RELEASE
09:58:28.145 [INFO ] - No active profile set, falling back to default profiles: default
09:58:31.052 [INFO ] - Started PruebaApplication in 3.769 seconds (JVM running for 5.081)
09:58:31.708 [INFO ] - ********** Inicia lista de usuario 2018/12/11 09:58:31
10:00:35.780 [INFO ] - Starting PruebaApplication on NJROMEROZ with PID 18028 (C:\Users\GMD\eclipse-workspace\prueba\bin\main started by GMD in C:\Users\GMD\eclipse-workspace\prueba)
10:00:35.788 [DEBUG] - Running with Spring Boot v2.1.1.RELEASE, Spring v5.1.3.RELEASE
10:00:35.791 [INFO ] - No active profile set, falling back to default profiles: default
10:00:39.603 [INFO ] - Started PruebaApplication in 4.699 seconds (JVM running for 6.319)
10:00:59.367 [INFO ] - ********** Inicia lista de usuario 2018/12/11 10:00:59
10:02:32.379 [INFO ] - ********** Inicia lista de usuario 2018/12/11 10:02:32
10:02:36.853 [INFO ] - ********** dni=74547115
10:02:36.858 [INFO ] - ********** nombre=Nombres
10:02:36.858 [INFO ] - ********** apellido=Apellido
10:02:36.859 [INFO ] - ********** []
10:02:51.101 [INFO ] - ********** Inicia lista de usuario 2018/12/11 10:02:51
10:05:45.272 [INFO ] - Starting PruebaApplication on NJROMEROZ with PID 7820 (C:\Users\GMD\eclipse-workspace\prueba\bin\main started by GMD in C:\Users\GMD\eclipse-workspace\prueba)
10:05:45.278 [DEBUG] - Running with Spring Boot v2.1.1.RELEASE, Spring v5.1.3.RELEASE
10:05:45.280 [INFO ] - No active profile set, falling back to default profiles: default
10:05:48.052 [INFO ] - Started PruebaApplication in 3.56 seconds (JVM running for 4.633)
